<?xml version="1.0" encoding="UTF-8"?>
<testsuite xmlns:xsi="http://www.w3.org/2001/XMLSchema-instance" xsi:noNamespaceSchemaLocation="https://maven.apache.org/surefire/maven-surefire-plugin/xsd/surefire-test-report.xsd" name="game.DieTest" time="0.109" tests="101" errors="0" skipped="0" failures="0">
  <properties>
    <property name="gopherProxySet" value="false"/>
    <property name="awt.toolkit" value="sun.lwawt.macosx.LWCToolkit"/>
    <property name="file.encoding.pkg" value="sun.io"/>
    <property name="java.specification.version" value="1.8"/>
    <property name="sun.cpu.isalist" value=""/>
    <property name="sun.jnu.encoding" value="UTF-8"/>
    <property name="java.class.path" value="/Users/lionelburgbacher/Documents/GEN_LABO/labo_3/fork/Gen_labo3/target/test-classes:/Users/lionelburgbacher/Documents/GEN_LABO/labo_3/fork/Gen_labo3/target/classes:/Users/lionelburgbacher/.m2/repository/org/junit/jupiter/junit-jupiter-api/5.4.0/junit-jupiter-api-5.4.0.jar:/Users/lionelburgbacher/.m2/repository/org/apiguardian/apiguardian-api/1.0.0/apiguardian-api-1.0.0.jar:/Users/lionelburgbacher/.m2/repository/org/opentest4j/opentest4j/1.1.1/opentest4j-1.1.1.jar:/Users/lionelburgbacher/.m2/repository/org/junit/platform/junit-platform-commons/1.4.0/junit-platform-commons-1.4.0.jar:/Users/lionelburgbacher/.m2/repository/org/junit/jupiter/junit-jupiter-engine/5.4.0/junit-jupiter-engine-5.4.0.jar:/Users/lionelburgbacher/.m2/repository/org/junit/platform/junit-platform-engine/1.4.0/junit-platform-engine-1.4.0.jar:/Users/lionelburgbacher/.m2/repository/org/junit/jupiter/junit-jupiter-params/5.4.2/junit-jupiter-params-5.4.2.jar:"/>
    <property name="java.vm.vendor" value="Oracle Corporation"/>
    <property name="sun.arch.data.model" value="64"/>
    <property name="java.vendor.url" value="http://java.oracle.com/"/>
    <property name="user.timezone" value=""/>
    <property name="java.vm.specification.version" value="1.8"/>
    <property name="os.name" value="Mac OS X"/>
    <property name="user.country" value="CH"/>
    <property name="sun.java.launcher" value="SUN_STANDARD"/>
    <property name="sun.boot.library.path" value="/Library/Java/JavaVirtualMachines/jdk1.8.0_144.jdk/Contents/Home/jre/lib"/>
    <property name="sun.java.command" value="/Users/lionelburgbacher/Documents/GEN_LABO/labo_3/fork/Gen_labo3/target/surefire/surefirebooter1981958031133492328.jar /Users/lionelburgbacher/Documents/GEN_LABO/labo_3/fork/Gen_labo3/target/surefire 2019-05-01T23-53-44_945-jvmRun1 surefire6928870724171065941tmp surefire_08628460070300250915tmp"/>
    <property name="http.nonProxyHosts" value="local|*.local|169.254/16|*.169.254/16"/>
    <property name="surefire.test.class.path" value="/Users/lionelburgbacher/Documents/GEN_LABO/labo_3/fork/Gen_labo3/target/test-classes:/Users/lionelburgbacher/Documents/GEN_LABO/labo_3/fork/Gen_labo3/target/classes:/Users/lionelburgbacher/.m2/repository/org/junit/jupiter/junit-jupiter-api/5.4.0/junit-jupiter-api-5.4.0.jar:/Users/lionelburgbacher/.m2/repository/org/apiguardian/apiguardian-api/1.0.0/apiguardian-api-1.0.0.jar:/Users/lionelburgbacher/.m2/repository/org/opentest4j/opentest4j/1.1.1/opentest4j-1.1.1.jar:/Users/lionelburgbacher/.m2/repository/org/junit/platform/junit-platform-commons/1.4.0/junit-platform-commons-1.4.0.jar:/Users/lionelburgbacher/.m2/repository/org/junit/jupiter/junit-jupiter-engine/5.4.0/junit-jupiter-engine-5.4.0.jar:/Users/lionelburgbacher/.m2/repository/org/junit/platform/junit-platform-engine/1.4.0/junit-platform-engine-1.4.0.jar:/Users/lionelburgbacher/.m2/repository/org/junit/jupiter/junit-jupiter-params/5.4.2/junit-jupiter-params-5.4.2.jar:"/>
    <property name="sun.cpu.endian" value="little"/>
    <property name="user.home" value="/Users/lionelburgbacher"/>
    <property name="user.language" value="fr"/>
    <property name="java.specification.vendor" value="Oracle Corporation"/>
    <property name="java.home" value="/Library/Java/JavaVirtualMachines/jdk1.8.0_144.jdk/Contents/Home/jre"/>
    <property name="basedir" value="/Users/lionelburgbacher/Documents/GEN_LABO/labo_3/fork/Gen_labo3"/>
    <property name="file.separator" value="/"/>
    <property name="line.separator" value="&#10;"/>
    <property name="java.vm.specification.vendor" value="Oracle Corporation"/>
    <property name="java.specification.name" value="Java Platform API Specification"/>
    <property name="java.awt.graphicsenv" value="sun.awt.CGraphicsEnvironment"/>
    <property name="surefire.real.class.path" value="/Users/lionelburgbacher/Documents/GEN_LABO/labo_3/fork/Gen_labo3/target/surefire/surefirebooter1981958031133492328.jar"/>
    <property name="sun.boot.class.path" value="/Library/Java/JavaVirtualMachines/jdk1.8.0_144.jdk/Contents/Home/jre/lib/resources.jar:/Library/Java/JavaVirtualMachines/jdk1.8.0_144.jdk/Contents/Home/jre/lib/rt.jar:/Library/Java/JavaVirtualMachines/jdk1.8.0_144.jdk/Contents/Home/jre/lib/sunrsasign.jar:/Library/Java/JavaVirtualMachines/jdk1.8.0_144.jdk/Contents/Home/jre/lib/jsse.jar:/Library/Java/JavaVirtualMachines/jdk1.8.0_144.jdk/Contents/Home/jre/lib/jce.jar:/Library/Java/JavaVirtualMachines/jdk1.8.0_144.jdk/Contents/Home/jre/lib/charsets.jar:/Library/Java/JavaVirtualMachines/jdk1.8.0_144.jdk/Contents/Home/jre/lib/jfr.jar:/Library/Java/JavaVirtualMachines/jdk1.8.0_144.jdk/Contents/Home/jre/classes"/>
    <property name="sun.management.compiler" value="HotSpot 64-Bit Tiered Compilers"/>
    <property name="ftp.nonProxyHosts" value="local|*.local|169.254/16|*.169.254/16"/>
    <property name="java.runtime.version" value="1.8.0_144-b01"/>
    <property name="user.name" value="lionelburgbacher"/>
    <property name="path.separator" value=":"/>
    <property name="os.version" value="10.14.4"/>
    <property name="java.endorsed.dirs" value="/Library/Java/JavaVirtualMachines/jdk1.8.0_144.jdk/Contents/Home/jre/lib/endorsed"/>
    <property name="java.runtime.name" value="Java(TM) SE Runtime Environment"/>
    <property name="file.encoding" value="UTF-8"/>
    <property name="java.vm.name" value="Java HotSpot(TM) 64-Bit Server VM"/>
    <property name="localRepository" value="/Users/lionelburgbacher/.m2/repository"/>
    <property name="java.vendor.url.bug" value="http://bugreport.sun.com/bugreport/"/>
    <property name="java.io.tmpdir" value="/var/folders/1k/xsmk6css66q646w3291ny9k00000gn/T/"/>
    <property name="java.version" value="1.8.0_144"/>
    <property name="user.dir" value="/Users/lionelburgbacher/Documents/GEN_LABO/labo_3/fork/Gen_labo3"/>
    <property name="os.arch" value="x86_64"/>
    <property name="java.vm.specification.name" value="Java Virtual Machine Specification"/>
    <property name="java.awt.printerjob" value="sun.lwawt.macosx.CPrinterJob"/>
    <property name="sun.os.patch.level" value="unknown"/>
    <property name="java.library.path" value="/Users/lionelburgbacher/Library/Java/Extensions:/Library/Java/Extensions:/Network/Library/Java/Extensions:/System/Library/Java/Extensions:/usr/lib/java:."/>
    <property name="java.vm.info" value="mixed mode"/>
    <property name="java.vendor" value="Oracle Corporation"/>
    <property name="java.vm.version" value="25.144-b01"/>
    <property name="java.ext.dirs" value="/Users/lionelburgbacher/Library/Java/Extensions:/Library/Java/JavaVirtualMachines/jdk1.8.0_144.jdk/Contents/Home/jre/lib/ext:/Library/Java/Extensions:/Network/Library/Java/Extensions:/System/Library/Java/Extensions:/usr/lib/java"/>
    <property name="sun.io.unicode.encoding" value="UnicodeBig"/>
    <property name="java.class.version" value="52.0"/>
    <property name="socksNonProxyHosts" value="local|*.local|169.254/16|*.169.254/16"/>
  </properties>
  <testcase name="itShouldbe0" classname="game.DieTest" time="0"/>
  <testcase name="ItshouldbeBtw2And12[1]" classname="game.DieTest" time="0"/>
  <testcase name="ItshouldbeBtw2And12[2]" classname="game.DieTest" time="0"/>
  <testcase name="ItshouldbeBtw2And12[3]" classname="game.DieTest" time="0"/>
  <testcase name="ItshouldbeBtw2And12[4]" classname="game.DieTest" time="0.001"/>
  <testcase name="ItshouldbeBtw2And12[5]" classname="game.DieTest" time="0"/>
  <testcase name="ItshouldbeBtw2And12[6]" classname="game.DieTest" time="0"/>
  <testcase name="ItshouldbeBtw2And12[7]" classname="game.DieTest" time="0"/>
  <testcase name="ItshouldbeBtw2And12[8]" classname="game.DieTest" time="0"/>
  <testcase name="ItshouldbeBtw2And12[9]" classname="game.DieTest" time="0"/>
  <testcase name="ItshouldbeBtw2And12[10]" classname="game.DieTest" time="0"/>
  <testcase name="ItshouldbeBtw2And12[11]" classname="game.DieTest" time="0.001"/>
  <testcase name="ItshouldbeBtw2And12[12]" classname="game.DieTest" time="0"/>
  <testcase name="ItshouldbeBtw2And12[13]" classname="game.DieTest" time="0.001"/>
  <testcase name="ItshouldbeBtw2And12[14]" classname="game.DieTest" time="0"/>
  <testcase name="ItshouldbeBtw2And12[15]" classname="game.DieTest" time="0"/>
  <testcase name="ItshouldbeBtw2And12[16]" classname="game.DieTest" time="0.001"/>
  <testcase name="ItshouldbeBtw2And12[17]" classname="game.DieTest" time="0"/>
  <testcase name="ItshouldbeBtw2And12[18]" classname="game.DieTest" time="0"/>
  <testcase name="ItshouldbeBtw2And12[19]" classname="game.DieTest" time="0"/>
  <testcase name="ItshouldbeBtw2And12[20]" classname="game.DieTest" time="0"/>
  <testcase name="ItshouldbeBtw2And12[21]" classname="game.DieTest" time="0.001"/>
  <testcase name="ItshouldbeBtw2And12[22]" classname="game.DieTest" time="0"/>
  <testcase name="ItshouldbeBtw2And12[23]" classname="game.DieTest" time="0"/>
  <testcase name="ItshouldbeBtw2And12[24]" classname="game.DieTest" time="0.001"/>
  <testcase name="ItshouldbeBtw2And12[25]" classname="game.DieTest" time="0"/>
  <testcase name="ItshouldbeBtw2And12[26]" classname="game.DieTest" time="0"/>
  <testcase name="ItshouldbeBtw2And12[27]" classname="game.DieTest" time="0"/>
  <testcase name="ItshouldbeBtw2And12[28]" classname="game.DieTest" time="0"/>
  <testcase name="ItshouldbeBtw2And12[29]" classname="game.DieTest" time="0"/>
  <testcase name="ItshouldbeBtw2And12[30]" classname="game.DieTest" time="0"/>
  <testcase name="ItshouldbeBtw2And12[31]" classname="game.DieTest" time="0.001"/>
  <testcase name="ItshouldbeBtw2And12[32]" classname="game.DieTest" time="0.001"/>
  <testcase name="ItshouldbeBtw2And12[33]" classname="game.DieTest" time="0.001"/>
  <testcase name="ItshouldbeBtw2And12[34]" classname="game.DieTest" time="0.001"/>
  <testcase name="ItshouldbeBtw2And12[35]" classname="game.DieTest" time="0"/>
  <testcase name="ItshouldbeBtw2And12[36]" classname="game.DieTest" time="0.001"/>
  <testcase name="ItshouldbeBtw2And12[37]" classname="game.DieTest" time="0"/>
  <testcase name="ItshouldbeBtw2And12[38]" classname="game.DieTest" time="0"/>
  <testcase name="ItshouldbeBtw2And12[39]" classname="game.DieTest" time="0"/>
  <testcase name="ItshouldbeBtw2And12[40]" classname="game.DieTest" time="0"/>
  <testcase name="ItshouldbeBtw2And12[41]" classname="game.DieTest" time="0"/>
  <testcase name="ItshouldbeBtw2And12[42]" classname="game.DieTest" time="0"/>
  <testcase name="ItshouldbeBtw2And12[43]" classname="game.DieTest" time="0.001"/>
  <testcase name="ItshouldbeBtw2And12[44]" classname="game.DieTest" time="0.001"/>
  <testcase name="ItshouldbeBtw2And12[45]" classname="game.DieTest" time="0.001"/>
  <testcase name="ItshouldbeBtw2And12[46]" classname="game.DieTest" time="0.001"/>
  <testcase name="ItshouldbeBtw2And12[47]" classname="game.DieTest" time="0.001"/>
  <testcase name="ItshouldbeBtw2And12[48]" classname="game.DieTest" time="0"/>
  <testcase name="ItshouldbeBtw2And12[49]" classname="game.DieTest" time="0"/>
  <testcase name="ItshouldbeBtw2And12[50]" classname="game.DieTest" time="0"/>
  <testcase name="ItshouldbeBtw2And12[51]" classname="game.DieTest" time="0"/>
  <testcase name="ItshouldbeBtw2And12[52]" classname="game.DieTest" time="0"/>
  <testcase name="ItshouldbeBtw2And12[53]" classname="game.DieTest" time="0"/>
  <testcase name="ItshouldbeBtw2And12[54]" classname="game.DieTest" time="0"/>
  <testcase name="ItshouldbeBtw2And12[55]" classname="game.DieTest" time="0"/>
  <testcase name="ItshouldbeBtw2And12[56]" classname="game.DieTest" time="0"/>
  <testcase name="ItshouldbeBtw2And12[57]" classname="game.DieTest" time="0.001"/>
  <testcase name="ItshouldbeBtw2And12[58]" classname="game.DieTest" time="0.001"/>
  <testcase name="ItshouldbeBtw2And12[59]" classname="game.DieTest" time="0"/>
  <testcase name="ItshouldbeBtw2And12[60]" classname="game.DieTest" time="0"/>
  <testcase name="ItshouldbeBtw2And12[61]" classname="game.DieTest" time="0"/>
  <testcase name="ItshouldbeBtw2And12[62]" classname="game.DieTest" time="0"/>
  <testcase name="ItshouldbeBtw2And12[63]" classname="game.DieTest" time="0.001"/>
  <testcase name="ItshouldbeBtw2And12[64]" classname="game.DieTest" time="0.001"/>
  <testcase name="ItshouldbeBtw2And12[65]" classname="game.DieTest" time="0"/>
  <testcase name="ItshouldbeBtw2And12[66]" classname="game.DieTest" time="0"/>
  <testcase name="ItshouldbeBtw2And12[67]" classname="game.DieTest" time="0"/>
  <testcase name="ItshouldbeBtw2And12[68]" classname="game.DieTest" time="0"/>
  <testcase name="ItshouldbeBtw2And12[69]" classname="game.DieTest" time="0"/>
  <testcase name="ItshouldbeBtw2And12[70]" classname="game.DieTest" time="0"/>
  <testcase name="ItshouldbeBtw2And12[71]" classname="game.DieTest" time="0"/>
  <testcase name="ItshouldbeBtw2And12[72]" classname="game.DieTest" time="0"/>
  <testcase name="ItshouldbeBtw2And12[73]" classname="game.DieTest" time="0"/>
  <testcase name="ItshouldbeBtw2And12[74]" classname="game.DieTest" time="0"/>
  <testcase name="ItshouldbeBtw2And12[75]" classname="game.DieTest" time="0"/>
  <testcase name="ItshouldbeBtw2And12[76]" classname="game.DieTest" time="0"/>
  <testcase name="ItshouldbeBtw2And12[77]" classname="game.DieTest" time="0.001"/>
  <testcase name="ItshouldbeBtw2And12[78]" classname="game.DieTest" time="0.001"/>
  <testcase name="ItshouldbeBtw2And12[79]" classname="game.DieTest" time="0.001"/>
  <testcase name="ItshouldbeBtw2And12[80]" classname="game.DieTest" time="0.001"/>
  <testcase name="ItshouldbeBtw2And12[81]" classname="game.DieTest" time="0.001"/>
  <testcase name="ItshouldbeBtw2And12[82]" classname="game.DieTest" time="0.001"/>
  <testcase name="ItshouldbeBtw2And12[83]" classname="game.DieTest" time="0.001"/>
  <testcase name="ItshouldbeBtw2And12[84]" classname="game.DieTest" time="0"/>
  <testcase name="ItshouldbeBtw2And12[85]" classname="game.DieTest" time="0"/>
  <testcase name="ItshouldbeBtw2And12[86]" classname="game.DieTest" time="0"/>
  <testcase name="ItshouldbeBtw2And12[87]" classname="game.DieTest" time="0.001"/>
  <testcase name="ItshouldbeBtw2And12[88]" classname="game.DieTest" time="0.001"/>
  <testcase name="ItshouldbeBtw2And12[89]" classname="game.DieTest" time="0"/>
  <testcase name="ItshouldbeBtw2And12[90]" classname="game.DieTest" time="0"/>
  <testcase name="ItshouldbeBtw2And12[91]" classname="game.DieTest" time="0"/>
  <testcase name="ItshouldbeBtw2And12[92]" classname="game.DieTest" time="0"/>
  <testcase name="ItshouldbeBtw2And12[93]" classname="game.DieTest" time="0"/>
  <testcase name="ItshouldbeBtw2And12[94]" classname="game.DieTest" time="0"/>
  <testcase name="ItshouldbeBtw2And12[95]" classname="game.DieTest" time="0"/>
  <testcase name="ItshouldbeBtw2And12[96]" classname="game.DieTest" time="0"/>
  <testcase name="ItshouldbeBtw2And12[97]" classname="game.DieTest" time="0"/>
  <testcase name="ItshouldbeBtw2And12[98]" classname="game.DieTest" time="0"/>
  <testcase name="ItshouldbeBtw2And12[99]" classname="game.DieTest" time="0"/>
  <testcase name="ItshouldbeBtw2And12[100]" classname="game.DieTest" time="0.001"/>
</testsuite>